<?xml version="1.0" encoding="UTF-8" ?>
<testsuite tests="4" failures="0" name="bookstore.BookRepositoryTest" time="0.623" errors="0" skipped="0">
  <properties>
[...]
</properties>
  <testcase classname="bookstore.BookRepositoryTest" name="createBookWithInvalidDate" time="0.381"/>
  <testcase classname="bookstore.BookRepositoryTest" name="createBookWithInvalidTitle" time="0.071"/>
  <testcase classname="bookstore.BookRepositoryTest" name="createBookWithInvalidDescription" time="0.067"/>
  <testcase classname="bookstore.BookRepositoryTest" name="createTest" time="0.104"/>
</testsuite>